[2024/10/20 14:27:37.207] - Starting server with initial configuration: {"gasLimit":6721975,"gasPrice":20000000000,"hardfork":"merge","hostname":"127.0.0.1","port":7545,"network_id":5777,"default_balance_ether":100,"total_accounts":10,"unlocked_accounts":[],"locked":false,"vmErrorsOnRPCResponse":true,"verbose":false,"flavor":"ethereum","db_path":"/Users/dheerajkommineni/Library/Application Support/Ganache/ui/workspaces/DApp/chaindata","mnemonic":"metal planet country tennis shop purchase turtle miracle couch salute tourist execute","logDirectory":"/Users/dheerajkommineni/Desktop/AdvBlockchain/StarterPack/Cryptozombie demo package/logs"}
[2024/10/20 14:27:37.370] - eth_getCode
[2024/10/20 14:27:37.372] - eth_subscribe
[2024/10/20 14:27:37.372] - eth_getLogs
[2024/10/20 14:27:37.373] - eth_subscribe
[2024/10/20 14:27:37.385] - eth_getCode
[2024/10/20 14:27:37.398] - eth_getCode
[2024/10/20 14:27:37.422] - eth_getCode
[2024/10/20 14:27:37.435] - eth_getCode
[2024/10/20 14:27:37.448] - eth_getCode
[2024/10/20 14:27:37.461] - eth_getCode
[2024/10/20 14:27:37.497] - eth_getCode
[2024/10/20 14:27:38.043] - eth_call
[2024/10/20 14:27:38.470] - eth_subscribe
[2024/10/20 14:27:38.474] - eth_getLogs
[2024/10/20 14:27:38.475] - eth_subscribe
[2024/10/20 14:27:38.475] - eth_getCode
[2024/10/20 14:27:38.477] - eth_call
[2024/10/20 14:27:38.548] - eth_getCode
[2024/10/20 14:27:38.695] - eth_call
[2024/10/20 14:27:38.842] - eth_call
[2024/10/20 14:27:38.843] - eth_blockNumber
[2024/10/20 14:27:38.860] - eth_getCode
[2024/10/20 14:27:38.895] - eth_getCode
[2024/10/20 14:27:38.914] - eth_getCode
[2024/10/20 14:27:38.922] - eth_call
[2024/10/20 14:27:38.957] - eth_getCode
[2024/10/20 14:27:39.014] - eth_getCode
[2024/10/20 14:27:39.097] - eth_call
[2024/10/20 14:27:39.156] - eth_call
[2024/10/20 14:27:39.157] - eth_call
[2024/10/20 14:27:39.602] - eth_call
[2024/10/20 14:27:39.641] - eth_call
[2024/10/20 14:27:39.648] - eth_call
[2024/10/20 14:27:39.649] - eth_call
[2024/10/20 14:27:40.049] - eth_call
[2024/10/20 14:27:40.060] - eth_call
[2024/10/20 14:27:40.065] - eth_call
[2024/10/20 14:27:40.065] - eth_call
[2024/10/20 14:27:40.320] - eth_blockNumber
[2024/10/20 14:27:40.333] - eth_accounts
[2024/10/20 14:27:40.403] - eth_gasPrice
[2024/10/20 14:27:40.404] - eth_getBlockByNumber
[2024/10/20 14:27:40.407] - eth_subscribe
[2024/10/20 14:27:40.408] - eth_blockNumber
[2024/10/20 14:27:40.408] - eth_accounts
[2024/10/20 14:27:40.408] - eth_gasPrice
[2024/10/20 14:27:40.409] - eth_getBlockByNumber
[2024/10/20 14:27:40.410] - eth_subscribe
[2024/10/20 14:27:40.549] - eth_call
[2024/10/20 14:27:40.557] - eth_call
[2024/10/20 14:27:40.562] - eth_call
[2024/10/20 14:27:40.563] - eth_call
[2024/10/20 14:27:40.658] - eth_getBalance
[2024/10/20 14:27:40.675] - eth_getTransactionCount
[2024/10/20 14:27:40.688] - eth_getBalance
[2024/10/20 14:27:40.777] - eth_getTransactionCount
[2024/10/20 14:27:40.805] - eth_getBalance
[2024/10/20 14:27:40.823] - eth_getTransactionCount
[2024/10/20 14:27:40.837] - eth_getBalance
[2024/10/20 14:27:40.874] - eth_getTransactionCount
[2024/10/20 14:27:40.890] - eth_getBalance
[2024/10/20 14:27:40.918] - eth_getTransactionCount
[2024/10/20 14:27:40.930] - eth_getBalance
[2024/10/20 14:27:40.939] - eth_call
[2024/10/20 14:27:40.940] - eth_getTransactionCount
[2024/10/20 14:27:40.951] - eth_getBalance
[2024/10/20 14:27:40.965] - eth_getTransactionCount
[2024/10/20 14:27:40.981] - eth_getBalance
[2024/10/20 14:27:41.002] - eth_getTransactionCount
[2024/10/20 14:27:41.022] - eth_call
[2024/10/20 14:27:41.023] - eth_getBalance
[2024/10/20 14:27:41.038] - eth_call
[2024/10/20 14:27:41.046] - eth_call
[2024/10/20 14:27:41.047] - eth_getTransactionCount
[2024/10/20 14:27:41.064] - eth_getBalance
[2024/10/20 14:27:41.073] - eth_getTransactionCount
[2024/10/20 14:27:41.087] - eth_getBalance
[2024/10/20 14:27:41.098] - eth_getTransactionCount
[2024/10/20 14:27:41.117] - eth_getBalance
[2024/10/20 14:27:41.129] - eth_getTransactionCount
[2024/10/20 14:27:41.145] - eth_getBalance
[2024/10/20 14:27:41.157] - eth_getTransactionCount
[2024/10/20 14:27:41.167] - eth_getBalance
[2024/10/20 14:27:41.179] - eth_getTransactionCount
[2024/10/20 14:27:41.187] - eth_getBalance
[2024/10/20 14:27:41.256] - eth_getTransactionCount
[2024/10/20 14:27:41.304] - eth_getBalance
[2024/10/20 14:27:41.314] - eth_getTransactionCount
[2024/10/20 14:27:41.329] - eth_call
[2024/10/20 14:27:41.331] - eth_getBalance
[2024/10/20 14:27:41.344] - eth_getTransactionCount
[2024/10/20 14:27:41.346] - eth_call
[2024/10/20 14:27:41.354] - eth_call
[2024/10/20 14:27:41.355] - eth_call
[2024/10/20 14:27:41.394] - eth_getBalance
[2024/10/20 14:27:41.412] - eth_getTransactionCount
[2024/10/20 14:27:41.426] - eth_getBalance
[2024/10/20 14:27:41.445] - eth_getTransactionCount
[2024/10/20 14:27:41.524] - eth_getBalance
[2024/10/20 14:27:41.534] - eth_getTransactionCount
[2024/10/20 14:27:41.725] - eth_call
[2024/10/20 14:27:41.731] - eth_call
[2024/10/20 14:27:41.738] - eth_call
[2024/10/20 14:27:41.739] - eth_call
[2024/10/20 14:27:41.833] - eth_getBalance
[2024/10/20 14:27:41.846] - eth_getTransactionCount
[2024/10/20 14:27:41.856] - eth_getBalance
[2024/10/20 14:27:41.866] - eth_getTransactionCount
[2024/10/20 14:27:41.874] - eth_getBalance
[2024/10/20 14:27:41.883] - eth_getTransactionCount
[2024/10/20 14:27:41.891] - eth_getBalance
[2024/10/20 14:27:41.900] - eth_getTransactionCount
[2024/10/20 14:27:41.909] - eth_getBalance
[2024/10/20 14:27:41.918] - eth_getTransactionCount
[2024/10/20 14:27:41.928] - eth_getBalance
[2024/10/20 14:27:41.938] - eth_getTransactionCount
[2024/10/20 14:27:41.946] - eth_getBalance
[2024/10/20 14:27:41.957] - eth_getTransactionCount
[2024/10/20 14:27:41.971] - eth_getBalance
[2024/10/20 14:27:41.982] - eth_getTransactionCount
[2024/10/20 14:27:42.022] - eth_getBalance
[2024/10/20 14:27:42.035] - eth_getTransactionCount
[2024/10/20 14:27:42.056] - eth_getBalance
[2024/10/20 14:27:42.087] - eth_getTransactionCount
[2024/10/20 14:27:42.108] - eth_getBalance
[2024/10/20 14:27:42.117] - eth_getTransactionCount
[2024/10/20 14:27:42.134] - eth_getBalance
[2024/10/20 14:27:42.156] - eth_getTransactionCount
[2024/10/20 14:27:42.165] - eth_getBalance
[2024/10/20 14:27:42.242] - eth_getTransactionCount
[2024/10/20 14:27:42.284] - eth_getBalance
[2024/10/20 14:27:42.299] - eth_getTransactionCount
[2024/10/20 14:27:42.315] - eth_getBalance
[2024/10/20 14:27:42.325] - eth_getTransactionCount
[2024/10/20 14:27:42.336] - eth_getBalance
[2024/10/20 14:27:42.353] - eth_call
[2024/10/20 14:27:42.370] - eth_call
[2024/10/20 14:27:42.381] - eth_call
[2024/10/20 14:27:42.382] - eth_call
[2024/10/20 14:27:42.383] - eth_getTransactionCount
[2024/10/20 14:27:42.391] - eth_getBalance
[2024/10/20 14:27:42.413] - eth_getTransactionCount
[2024/10/20 14:27:42.422] - eth_getBalance
[2024/10/20 14:27:42.431] - eth_getTransactionCount
[2024/10/20 14:27:42.443] - eth_getBalance
[2024/10/20 14:27:42.454] - eth_getTransactionCount
[2024/10/20 14:27:42.538] - eth_getBalance
[2024/10/20 14:27:42.550] - eth_getTransactionCount
[2024/10/20 14:27:42.723] - eth_call
[2024/10/20 14:27:42.735] - eth_call
[2024/10/20 14:27:42.755] - eth_call
[2024/10/20 14:27:42.756] - eth_call
[2024/10/20 14:27:43.026] - eth_call
[2024/10/20 14:27:43.035] - eth_call
[2024/10/20 14:27:43.040] - eth_call
[2024/10/20 14:27:43.040] - eth_call
[2024/10/20 14:27:43.459] - eth_call
[2024/10/20 14:27:43.474] - eth_call
[2024/10/20 14:27:43.485] - eth_call
[2024/10/20 14:27:43.487] - eth_call
[2024/10/20 14:27:43.918] - eth_call
[2024/10/20 14:27:43.966] - eth_call
[2024/10/20 14:27:43.971] - eth_call
[2024/10/20 14:27:43.971] - eth_call
[2024/10/20 14:27:44.468] - eth_call
[2024/10/20 14:27:44.561] - eth_call
[2024/10/20 14:27:44.571] - eth_call
[2024/10/20 14:27:44.572] - eth_call
[2024/10/20 14:27:44.886] - eth_call
[2024/10/20 14:27:44.903] - eth_call
[2024/10/20 14:27:44.908] - eth_call
[2024/10/20 14:27:44.909] - eth_call
[2024/10/20 14:27:45.312] - eth_call
[2024/10/20 14:27:45.318] - eth_call
[2024/10/20 14:27:45.326] - eth_call
[2024/10/20 14:27:45.326] - eth_call
[2024/10/20 14:27:45.805] - eth_call
[2024/10/20 14:27:45.811] - eth_call
[2024/10/20 14:27:45.816] - eth_call
[2024/10/20 14:27:45.817] - eth_call
[2024/10/20 14:27:46.189] - eth_call
[2024/10/20 14:27:46.240] - eth_call
[2024/10/20 14:27:46.289] - eth_call
[2024/10/20 14:27:46.289] - eth_call
[2024/10/20 14:27:46.654] - eth_call
[2024/10/20 14:27:46.666] - eth_call
[2024/10/20 14:27:46.673] - eth_call
[2024/10/20 14:27:46.674] - eth_call
[2024/10/20 14:27:47.133] - eth_call
[2024/10/20 14:27:47.143] - eth_call
[2024/10/20 14:27:47.156] - eth_call
[2024/10/20 14:27:47.158] - eth_call
[2024/10/20 14:27:47.525] - eth_call
[2024/10/20 14:27:47.549] - eth_call
[2024/10/20 14:27:47.561] - eth_call
[2024/10/20 14:27:47.565] - eth_call
[2024/10/20 14:27:47.832] - eth_unsubscribe
[2024/10/20 14:27:47.836] - eth_unsubscribe
