[2024/10/20 14:28:56.338] - Starting server with initial configuration: {"gasLimit":6721975,"gasPrice":20000000000,"hardfork":"merge","hostname":"127.0.0.1","port":7545,"network_id":5777,"default_balance_ether":100,"total_accounts":10,"unlocked_accounts":[],"locked":false,"vmErrorsOnRPCResponse":true,"verbose":false,"flavor":"ethereum","db_path":"/Users/dheerajkommineni/Library/Application Support/Ganache/ui/workspaces/DApp/chaindata","mnemonic":"metal planet country tennis shop purchase turtle miracle couch salute tourist execute","logDirectory":"/Users/dheerajkommineni/Desktop/AdvBlockchain/StarterPack/Cryptozombie demo package/logs"}
[2024/10/20 14:28:56.584] - eth_getCode
[2024/10/20 14:28:56.611] - eth_subscribe
[2024/10/20 14:28:56.612] - eth_getLogs
[2024/10/20 14:28:56.627] - eth_subscribe
[2024/10/20 14:28:56.788] - eth_getCode
[2024/10/20 14:28:56.812] - eth_getCode
[2024/10/20 14:28:56.825] - eth_getCode
[2024/10/20 14:28:56.829] - eth_getCode
[2024/10/20 14:28:56.831] - eth_getCode
[2024/10/20 14:28:56.833] - eth_getCode
[2024/10/20 14:28:56.837] - eth_getCode
[2024/10/20 14:28:57.140] - eth_getCode
[2024/10/20 14:28:57.142] - eth_subscribe
[2024/10/20 14:28:57.142] - eth_getLogs
[2024/10/20 14:28:57.143] - eth_subscribe
[2024/10/20 14:28:57.151] - eth_getCode
[2024/10/20 14:28:57.174] - eth_getCode
[2024/10/20 14:28:57.180] - eth_getCode
[2024/10/20 14:28:57.187] - eth_getCode
[2024/10/20 14:28:57.201] - eth_getCode
[2024/10/20 14:28:57.373] - eth_getCode
[2024/10/20 14:28:57.426] - eth_blockNumber
[2024/10/20 14:28:57.757] - eth_accounts
[2024/10/20 14:28:57.758] - eth_gasPrice
[2024/10/20 14:28:57.759] - eth_getBlockByNumber
[2024/10/20 14:28:57.759] - eth_subscribe
[2024/10/20 14:28:57.760] - eth_blockNumber
[2024/10/20 14:28:57.764] - eth_blockNumber
[2024/10/20 14:28:57.764] - eth_accounts
[2024/10/20 14:28:57.765] - eth_gasPrice
[2024/10/20 14:28:57.765] - eth_getBlockByNumber
[2024/10/20 14:28:57.765] - eth_subscribe
[2024/10/20 14:28:57.889] - eth_getBalance
[2024/10/20 14:28:57.904] - eth_getTransactionCount
[2024/10/20 14:28:57.917] - eth_getBalance
[2024/10/20 14:28:57.930] - eth_getTransactionCount
[2024/10/20 14:28:57.940] - eth_getBalance
[2024/10/20 14:28:57.955] - eth_getTransactionCount
[2024/10/20 14:28:57.970] - eth_getBalance
[2024/10/20 14:28:57.980] - eth_getTransactionCount
[2024/10/20 14:28:58.000] - eth_getBalance
[2024/10/20 14:28:58.013] - eth_getTransactionCount
[2024/10/20 14:28:58.028] - eth_getBalance
[2024/10/20 14:28:58.040] - eth_getTransactionCount
[2024/10/20 14:28:58.053] - eth_getBalance
[2024/10/20 14:28:58.068] - eth_getTransactionCount
[2024/10/20 14:28:58.235] - eth_getBalance
[2024/10/20 14:28:58.325] - eth_getTransactionCount
[2024/10/20 14:28:58.341] - eth_getBalance
[2024/10/20 14:28:58.399] - eth_getTransactionCount
[2024/10/20 14:28:58.445] - eth_getBalance
[2024/10/20 14:28:58.467] - eth_getTransactionCount
[2024/10/20 14:28:58.733] - eth_getBalance
[2024/10/20 14:28:58.743] - eth_getTransactionCount
[2024/10/20 14:28:58.753] - eth_getBalance
[2024/10/20 14:28:58.766] - eth_getTransactionCount
[2024/10/20 14:28:58.774] - eth_getBalance
[2024/10/20 14:28:58.785] - eth_getTransactionCount
[2024/10/20 14:28:58.797] - eth_getBalance
[2024/10/20 14:28:58.806] - eth_getTransactionCount
[2024/10/20 14:28:58.818] - eth_getBalance
[2024/10/20 14:28:58.831] - eth_getTransactionCount
[2024/10/20 14:28:58.843] - eth_getBalance
[2024/10/20 14:28:58.855] - eth_getTransactionCount
[2024/10/20 14:28:58.873] - eth_getBalance
[2024/10/20 14:28:58.895] - eth_getTransactionCount
[2024/10/20 14:28:58.911] - eth_getBalance
[2024/10/20 14:28:58.923] - eth_getTransactionCount
[2024/10/20 14:28:58.934] - eth_getBalance
[2024/10/20 14:28:58.946] - eth_getTransactionCount
[2024/10/20 14:28:58.958] - eth_getBalance
[2024/10/20 14:28:58.987] - eth_getTransactionCount
[2024/10/20 14:28:59.008] - eth_getBalance
[2024/10/20 14:28:59.020] - eth_getTransactionCount
[2024/10/20 14:28:59.036] - eth_getBalance
[2024/10/20 14:28:59.058] - eth_getTransactionCount
[2024/10/20 14:28:59.133] - eth_getBalance
[2024/10/20 14:28:59.146] - eth_getTransactionCount
[2024/10/20 14:28:59.166] - eth_getBalance
[2024/10/20 14:28:59.180] - eth_getTransactionCount
[2024/10/20 14:28:59.215] - eth_getBalance
[2024/10/20 14:28:59.296] - eth_getTransactionCount
[2024/10/20 14:28:59.308] - eth_getBalance
[2024/10/20 14:28:59.325] - eth_getTransactionCount
[2024/10/20 14:28:59.335] - eth_getBalance
[2024/10/20 14:28:59.357] - eth_getTransactionCount
[2024/10/20 14:28:59.376] - eth_getBalance
[2024/10/20 14:28:59.389] - eth_getTransactionCount
[2024/10/20 14:28:59.438] - eth_getBalance
[2024/10/20 14:28:59.451] - eth_getTransactionCount
[2024/10/20 14:28:59.474] - eth_getBalance
[2024/10/20 14:28:59.491] - eth_getTransactionCount
[2024/10/20 14:28:59.516] - eth_getBalance
[2024/10/20 14:28:59.535] - eth_getTransactionCount
[2024/10/20 14:28:59.549] - eth_getBalance
[2024/10/20 14:28:59.561] - eth_getTransactionCount
[2024/10/20 14:28:59.573] - eth_getBalance
[2024/10/20 14:28:59.590] - eth_getTransactionCount
[2024/10/20 14:28:59.601] - eth_getBalance
[2024/10/20 14:28:59.618] - eth_getTransactionCount
[2024/10/20 14:28:59.638] - eth_getBalance
[2024/10/20 14:28:59.649] - eth_getTransactionCount
[2024/10/20 14:28:59.663] - eth_getBalance
[2024/10/20 14:28:59.684] - eth_getTransactionCount
[2024/10/20 14:28:59.694] - eth_getBalance
[2024/10/20 14:28:59.720] - eth_getTransactionCount
[2024/10/20 14:28:59.760] - eth_getBalance
[2024/10/20 14:28:59.772] - eth_getTransactionCount
[2024/10/20 14:28:59.784] - eth_getBalance
[2024/10/20 14:28:59.798] - eth_getTransactionCount
[2024/10/20 14:28:59.824] - eth_getBalance
[2024/10/20 14:28:59.846] - eth_getTransactionCount
[2024/10/20 14:29:17.441] - eth_blockNumber
[2024/10/20 14:29:21.528] - eth_unsubscribe
[2024/10/20 14:29:21.532] - eth_unsubscribe
